0 info it worked if it ends with ok
1 verbose cli [ 'D:\\Program Files\\nodejs\\node.exe',
1 verbose cli   'D:\\Program Files\\nodejs\\node_modules\\npm\\bin\\npm-cli.js',
1 verbose cli   'run',
1 verbose cli   'dev' ]
2 info using npm@4.1.2
3 info using node@v7.7.1
4 verbose run-script [ 'predev', 'dev', 'postdev' ]
5 info lifecycle laravel5.4@1.0.0~predev: laravel5.4@1.0.0
6 silly lifecycle laravel5.4@1.0.0~predev: no script for predev, continuing
7 info lifecycle laravel5.4@1.0.0~dev: laravel5.4@1.0.0
8 verbose lifecycle laravel5.4@1.0.0~dev: unsafe-perm in lifecycle true
9 verbose lifecycle laravel5.4@1.0.0~dev: PATH: D:\Program Files\nodejs\node_modules\npm\bin\node-gyp-bin;D:\laravel5.4\node_modules\.bin;C:\Program Files (x86)\Intel\iCLS Client\;C:\Program Files\Intel\iCLS Client\;C:\Windows\system32;C:\Windows;C:\Windows\System32\Wbem;C:\Windows\System32\WindowsPowerShell\v1.0\;C:\Program Files (x86)\NVIDIA Corporation\PhysX\Common;C:\Program Files (x86)\Intel\Intel(R) Management Engine Components\DAL;C:\Program Files\Intel\Intel(R) Management Engine Components\DAL;C:\Program Files (x86)\Intel\Intel(R) Management Engine Components\IPT;C:\Program Files\Intel\Intel(R) Management Engine Components\IPT;D:\wamp\bin\php\php5.5.12;C:\ProgramData\ComposerSetup\bin;D:\HashiCorp\Vagrant\bin;D:\wamp\bin\php\php5.6.25;D:\wamp\bin\php\php5.6.25;D:\Program Files\TortoiseSVN\bin;D:\Program Files\nodejs\;C:\Users\wang\AppData\Roaming\Composer\vendor\bin;d:\Program Files (x86)\SSH Communications Security\SSH Secure Shell;C:\Users\wang\AppData\Roaming\npm
10 verbose lifecycle laravel5.4@1.0.0~dev: CWD: D:\laravel5.4
11 silly lifecycle laravel5.4@1.0.0~dev: Args: [ '/d /s /c',
11 silly lifecycle   'node node_modules/cross-env/bin/cross-env.js NODE_ENV=development node_modules/webpack/bin/webpack.js --progress --hide-modules --config=node_modules/laravel-mix/setup/webpack.config.js' ]
12 silly lifecycle laravel5.4@1.0.0~dev: Returned: code: 1  signal: null
13 info lifecycle laravel5.4@1.0.0~dev: Failed to exec dev script
14 verbose stack Error: laravel5.4@1.0.0 dev: `node node_modules/cross-env/bin/cross-env.js NODE_ENV=development node_modules/webpack/bin/webpack.js --progress --hide-modules --config=node_modules/laravel-mix/setup/webpack.config.js`
14 verbose stack Exit status 1
14 verbose stack     at EventEmitter.<anonymous> (D:\Program Files\nodejs\node_modules\npm\lib\utils\lifecycle.js:279:16)
14 verbose stack     at emitTwo (events.js:106:13)
14 verbose stack     at EventEmitter.emit (events.js:194:7)
14 verbose stack     at ChildProcess.<anonymous> (D:\Program Files\nodejs\node_modules\npm\lib\utils\spawn.js:40:14)
14 verbose stack     at emitTwo (events.js:106:13)
14 verbose stack     at ChildProcess.emit (events.js:194:7)
14 verbose stack     at maybeClose (internal/child_process.js:899:16)
14 verbose stack     at Process.ChildProcess._handle.onexit (internal/child_process.js:226:5)
15 verbose pkgid laravel5.4@1.0.0
16 verbose cwd D:\laravel5.4
17 error Windows_NT 10.0.10586
18 error argv "D:\\Program Files\\nodejs\\node.exe" "D:\\Program Files\\nodejs\\node_modules\\npm\\bin\\npm-cli.js" "run" "dev"
19 error node v7.7.1
20 error npm  v4.1.2
21 error code ELIFECYCLE
22 error laravel5.4@1.0.0 dev: `node node_modules/cross-env/bin/cross-env.js NODE_ENV=development node_modules/webpack/bin/webpack.js --progress --hide-modules --config=node_modules/laravel-mix/setup/webpack.config.js`
22 error Exit status 1
23 error Failed at the laravel5.4@1.0.0 dev script 'node node_modules/cross-env/bin/cross-env.js NODE_ENV=development node_modules/webpack/bin/webpack.js --progress --hide-modules --config=node_modules/laravel-mix/setup/webpack.config.js'.
23 error Make sure you have the latest version of node.js and npm installed.
23 error If you do, this is most likely a problem with the laravel5.4 package,
23 error not with npm itself.
23 error Tell the author that this fails on your system:
23 error     node node_modules/cross-env/bin/cross-env.js NODE_ENV=development node_modules/webpack/bin/webpack.js --progress --hide-modules --config=node_modules/laravel-mix/setup/webpack.config.js
23 error You can get information on how to open an issue for this project with:
23 error     npm bugs laravel5.4
23 error Or if that isn't available, you can get their info via:
23 error     npm owner ls laravel5.4
23 error There is likely additional logging output above.
24 verbose exit [ 1, true ]
